<?xml version="1.0" encoding="UTF-8"?>
<!-- Generated by org.testng.reporters.JUnitReportReporter -->
<testsuite skipped="0" hostname="LAPTOP-C0RLUOLP" name="com.test.Testnginvoca" tests="10" failures="0" timestamp="01 May 2021 18:26:17 GMT" time="0.111" errors="0">
  <testcase name="sum" time="0.015" classname="com.test.Testnginvoca"/>
  <testcase name="sum" time="0.008" classname="com.test.Testnginvoca"/>
  <testcase name="sum" time="0.032" classname="com.test.Testnginvoca"/>
  <testcase name="sum" time="0.000" classname="com.test.Testnginvoca"/>
  <testcase name="sum" time="0.000" classname="com.test.Testnginvoca"/>
  <testcase name="sum" time="0.000" classname="com.test.Testnginvoca"/>
  <testcase name="sum" time="0.032" classname="com.test.Testnginvoca"/>
  <testcase name="sum" time="0.008" classname="com.test.Testnginvoca"/>
  <testcase name="sum" time="0.008" classname="com.test.Testnginvoca"/>
  <testcase name="sum" time="0.008" classname="com.test.Testnginvoca"/>
</testsuite> <!-- com.test.Testnginvoca -->
