<?xml version="1.0" encoding="UTF-8"?>
<!-- Generated by org.testng.reporters.JUnitReportReporter -->
<testsuite skipped="0" hostname="LAPTOP-C0RLUOLP" name="mytest.testcases" tests="1" failures="0" timestamp="07 May 2021 19:50:31 GMT" time="0.046" errors="0">
  <testcase name="test1" time="0.046" classname="mytest.testcases"/>
</testsuite> <!-- mytest.testcases -->
