<?xml version="1.0" encoding="UTF-8"?>
<!-- Generated by org.testng.reporters.JUnitReportReporter -->
<testsuite skipped="0" hostname="LAPTOP-C0RLUOLP" name="com.test.Testngassert" tests="1" failures="0" timestamp="01 May 2021 19:00:59 GMT" time="17.716" errors="0">
  <testcase name="googletitletest" time="17.716" classname="com.test.Testngassert"/>
</testsuite> <!-- com.test.Testngassert -->
