<?xml version="1.0" encoding="UTF-8"?>
<!-- Generated by org.testng.reporters.JUnitReportReporter -->
<testsuite skipped="0" hostname="LAPTOP-C0RLUOLP" name="com.test.googletest" tests="6" failures="0" timestamp="01 May 2021 18:01:20 GMT" time="75.441" errors="0">
  <testcase name="googlelogotest" time="12.552" classname="com.test.googletest"/>
  <testcase name="maillinktest" time="10.557" classname="com.test.googletest"/>
  <testcase name="googletitletest" time="16.852" classname="com.test.googletest"/>
  <testcase name="test1" time="12.144" classname="com.test.googletest"/>
  <testcase name="test2" time="11.935" classname="com.test.googletest"/>
  <testcase name="test3" time="11.401" classname="com.test.googletest"/>
</testsuite> <!-- com.test.googletest -->
