<?xml version="1.0" encoding="UTF-8"?>
<!-- Generated by org.testng.reporters.JUnitReportReporter -->
<testsuite skipped="0" hostname="LAPTOP-C0RLUOLP" name="com.test.TestNG" tests="1" failures="0" timestamp="01 May 2021 16:45:39 GMT" time="0.015" errors="0">
  <testcase name="googletitletest" time="0.015" classname="com.test.TestNG"/>
</testsuite> <!-- com.test.TestNG -->
