<?xml version="1.0" encoding="UTF-8"?>
<!-- Generated by org.testng.reporters.JUnitReportReporter -->
<testsuite skipped="0" hostname="LAPTOP-C0RLUOLP" name="com.test.Makemytriptest" tests="1" failures="0" timestamp="09 May 2021 04:34:11 GMT" time="71.510" errors="0">
  <testcase name="mytriptest" time="71.510" classname="com.test.Makemytriptest"/>
</testsuite> <!-- com.test.Makemytriptest -->
