<?xml version="1.0" encoding="UTF-8"?>
<!-- Generated by org.testng.reporters.JUnitReportReporter -->
<testsuite skipped="0" hostname="LAPTOP-C0RLUOLP" name="com.r.FBtest" tests="3" failures="0" timestamp="09 May 2021 18:43:46 GMT" time="40.223" errors="0">
  <testcase name="fbtitletest1" time="17.543" classname="com.r.FBtest"/>
  <testcase name="fbtitletest2" time="11.170" classname="com.r.FBtest"/>
  <testcase name="fbtitletest3" time="11.510" classname="com.r.FBtest"/>
</testsuite> <!-- com.r.FBtest -->
