<?xml version="1.0" encoding="UTF-8"?>
<!-- Generated by org.testng.reporters.JUnitReportReporter -->
<testsuite skipped="0" hostname="LAPTOP-C0RLUOLP" name="com.test.Expectedexpectations" tests="1" failures="0" timestamp="01 May 2021 18:41:20 GMT" time="0.032" errors="0">
  <testcase name="test" time="0.032" classname="com.test.Expectedexpectations"/>
</testsuite> <!-- com.test.Expectedexpectations -->
