<?xml version="1.0" encoding="UTF-8"?>
<!-- Generated by org.testng.reporters.JUnitReportReporter -->
<testsuite skipped="0" hostname="LAPTOP-C0RLUOLP" name="com.test.TestNGde" tests="3" failures="0" timestamp="01 May 2021 18:18:14 GMT" time="0.084" errors="0">
  <testcase name="logintest" time="0.052" classname="com.test.TestNGde"/>
  <testcase name="homepage" time="0.024" classname="com.test.TestNGde"/>
  <testcase name="searchpage" time="0.008" classname="com.test.TestNGde"/>
</testsuite> <!-- com.test.TestNGde -->
